The CXX compiler identification could not be found in "/mnt/c/Users/KIIT/Desktop/Keploy project/UnitTestGenerator/cpp-unit-gen/build/CMakeFiles/3.16.3/CompilerIdCXX/CMakeCXXCompilerId.gcno"

Performing C SOURCE FILE Test CMAKE_HAVE_LIBC_PTHREAD failed with the following output:
Change Dir: /mnt/c/Users/KIIT/Desktop/Keploy project/UnitTestGenerator/cpp-unit-gen/build/CMakeFiles/CMakeTmp

Run Build Command(s):/usr/bin/make cmTC_230cd/fast && /usr/bin/make -f CMakeFiles/cmTC_230cd.dir/build.make CMakeFiles/cmTC_230cd.dir/build
make[1]: Entering directory '/mnt/c/Users/KIIT/Desktop/Keploy project/UnitTestGenerator/cpp-unit-gen/build/CMakeFiles/CMakeTmp'
Building C object CMakeFiles/cmTC_230cd.dir/src.c.o
/usr/bin/cc   -DCMAKE_HAVE_LIBC_PTHREAD   -o CMakeFiles/cmTC_230cd.dir/src.c.o   -c "/mnt/c/Users/KIIT/Desktop/Keploy project/UnitTestGenerator/cpp-unit-gen/build/CMakeFiles/CMakeTmp/src.c"
Linking C executable cmTC_230cd
/usr/bin/cmake -E cmake_link_script CMakeFiles/cmTC_230cd.dir/link.txt --verbose=1
/usr/bin/cc  -DCMAKE_HAVE_LIBC_PTHREAD   --coverage  CMakeFiles/cmTC_230cd.dir/src.c.o  -o cmTC_230cd 
/usr/bin/ld: CMakeFiles/cmTC_230cd.dir/src.c.o: in function `main':
src.c:(.text+0x46): undefined reference to `pthread_create'
/usr/bin/ld: src.c:(.text+0x52): undefined reference to `pthread_detach'
/usr/bin/ld: src.c:(.text+0x63): undefined reference to `pthread_join'
collect2: error: ld returned 1 exit status
make[1]: *** [CMakeFiles/cmTC_230cd.dir/build.make:87: cmTC_230cd] Error 1
make[1]: Leaving directory '/mnt/c/Users/KIIT/Desktop/Keploy project/UnitTestGenerator/cpp-unit-gen/build/CMakeFiles/CMakeTmp'
make: *** [Makefile:121: cmTC_230cd/fast] Error 2


Source file was:
#include <pthread.h>

void* test_func(void* data)
{
  return data;
}

int main(void)
{
  pthread_t thread;
  pthread_create(&thread, NULL, test_func, NULL);
  pthread_detach(thread);
  pthread_join(thread, NULL);
  pthread_atfork(NULL, NULL, NULL);
  pthread_exit(NULL);

  return 0;
}

Determining if the function pthread_create exists in the pthreads failed with the following output:
Change Dir: /mnt/c/Users/KIIT/Desktop/Keploy project/UnitTestGenerator/cpp-unit-gen/build/CMakeFiles/CMakeTmp

Run Build Command(s):/usr/bin/make cmTC_51908/fast && /usr/bin/make -f CMakeFiles/cmTC_51908.dir/build.make CMakeFiles/cmTC_51908.dir/build
make[1]: Entering directory '/mnt/c/Users/KIIT/Desktop/Keploy project/UnitTestGenerator/cpp-unit-gen/build/CMakeFiles/CMakeTmp'
Building C object CMakeFiles/cmTC_51908.dir/CheckFunctionExists.c.o
/usr/bin/cc   -DCHECK_FUNCTION_EXISTS=pthread_create   -o CMakeFiles/cmTC_51908.dir/CheckFunctionExists.c.o   -c /usr/share/cmake-3.16/Modules/CheckFunctionExists.c
Linking C executable cmTC_51908
/usr/bin/cmake -E cmake_link_script CMakeFiles/cmTC_51908.dir/link.txt --verbose=1
/usr/bin/cc  -DCHECK_FUNCTION_EXISTS=pthread_create   --coverage  CMakeFiles/cmTC_51908.dir/CheckFunctionExists.c.o  -o cmTC_51908  -lpthreads 
/usr/bin/ld: cannot find -lpthreads
collect2: error: ld returned 1 exit status
make[1]: *** [CMakeFiles/cmTC_51908.dir/build.make:87: cmTC_51908] Error 1
make[1]: Leaving directory '/mnt/c/Users/KIIT/Desktop/Keploy project/UnitTestGenerator/cpp-unit-gen/build/CMakeFiles/CMakeTmp'
make: *** [Makefile:121: cmTC_51908/fast] Error 2



